[    39.748] (--) Log file renamed from "/home/nathan/.local/share/xorg/Xorg.pid-1095.log" to "/home/nathan/.local/share/xorg/Xorg.0.log"
[    39.753] 
X.Org X Server 1.20.8
X Protocol Version 11, Revision 0
[    39.753] Build Operating System: Linux 4.15.0-124-generic x86_64 Ubuntu
[    39.753] Current Operating System: Linux nathan-VirtualBox 4.14.217 #23 SMP Sat Feb 13 08:46:36 CST 2021 x86_64
[    39.753] Kernel command line: BOOT_IMAGE=/boot/vmlinuz-4.14.217 root=UUID=a9ce1074-a2ed-4411-90ae-7abff5d8fad4 ro quiet splash
[    39.753] Build Date: 30 November 2020  05:59:23PM
[    39.753] xorg-server-hwe-18.04 2:1.20.8-2ubuntu2.2~18.04.4 (For technical support please see http://www.ubuntu.com/support) 
[    39.753] Current version of pixman: 0.34.0
[    39.753] 	Before reporting problems, check http://wiki.x.org
	to make sure that you have the latest version.
[    39.753] Markers: (--) probed, (**) from config file, (==) default setting,
	(++) from command line, (!!) notice, (II) informational,
	(WW) warning, (EE) error, (NI) not implemented, (??) unknown.
[    39.753] (==) Log file: "/home/nathan/.local/share/xorg/Xorg.0.log", Time: Fri Feb 19 06:11:29 2021
[    39.756] (==) Using system config directory "/usr/share/X11/xorg.conf.d"
[    39.762] (==) No Layout section.  Using the first Screen section.
[    39.762] (==) No screen section available. Using defaults.
[    39.762] (**) |-->Screen "Default Screen Section" (0)
[    39.762] (**) |   |-->Monitor "<default monitor>"
[    39.765] (==) No monitor specified for screen "Default Screen Section".
	Using a default monitor configuration.
[    39.765] (==) Automatically adding devices
[    39.765] (==) Automatically enabling devices
[    39.765] (==) Automatically adding GPU devices
[    39.765] (==) Automatically binding GPU devices
[    39.765] (==) Max clients allowed: 256, resource mask: 0x1fffff
[    39.767] (WW) The directory "/usr/share/fonts/X11/cyrillic" does not exist.
[    39.767] 	Entry deleted from font path.
[    39.767] (WW) The directory "/usr/share/fonts/X11/100dpi/" does not exist.
[    39.767] 	Entry deleted from font path.
[    39.767] (WW) The directory "/usr/share/fonts/X11/75dpi/" does not exist.
[    39.767] 	Entry deleted from font path.
[    39.768] (WW) The directory "/usr/share/fonts/X11/100dpi" does not exist.
[    39.768] 	Entry deleted from font path.
[    39.768] (WW) The directory "/usr/share/fonts/X11/75dpi" does not exist.
[    39.768] 	Entry deleted from font path.
[    39.768] (==) FontPath set to:
	/usr/share/fonts/X11/misc,
	/usr/share/fonts/X11/Type1,
	built-ins
[    39.768] (==) ModulePath set to "/usr/lib/xorg/modules"
[    39.768] (II) The server relies on udev to provide the list of input devices.
	If no devices become available, reconfigure udev or disable AutoAddDevices.
[    39.768] (II) Loader magic: 0x558505ca7020
[    39.768] (II) Module ABI versions:
[    39.768] 	X.Org ANSI C Emulation: 0.4
[    39.768] 	X.Org Video Driver: 24.1
[    39.769] 	X.Org XInput driver : 24.1
[    39.769] 	X.Org Server Extension : 10.0
[    39.771] (++) using VT number 1

[    39.779] (II) systemd-logind: took control of session /org/freedesktop/login1/session/_31
[    39.783] (II) xfree86: Adding drm device (/dev/dri/card0)
[    39.785] (II) systemd-logind: got fd for /dev/dri/card0 226:0 fd 12 paused 0
[    39.791] (--) PCI:*(0@0:2:0) 15ad:0405:15ad:0405 rev 0, Mem @ 0xf0000000/16777216, 0xf1000000/2097152, I/O @ 0x0000d010/16, BIOS @ 0x????????/131072
[    39.792] (II) LoadModule: "glx"
[    39.797] (II) Loading /usr/lib/xorg/modules/extensions/libglx.so
[    39.823] (II) Module glx: vendor="X.Org Foundation"
[    39.823] 	compiled for 1.20.8, module version = 1.0.0
[    39.823] 	ABI class: X.Org Server Extension, version 10.0
[    39.823] (==) Matched vmware as autoconfigured driver 0
[    39.823] (==) Matched modesetting as autoconfigured driver 1
[    39.823] (==) Matched fbdev as autoconfigured driver 2
[    39.823] (==) Matched vesa as autoconfigured driver 3
[    39.823] (==) Assigned the driver to the xf86ConfigLayout
[    39.823] (II) LoadModule: "vmware"
[    39.824] (II) Loading /usr/lib/xorg/modules/drivers/vmware_drv.so
[    40.082] (II) Module vmware: vendor="X.Org Foundation"
[    40.082] 	compiled for 1.20.1, module version = 13.3.0
[    40.082] 	Module class: X.Org Video Driver
[    40.082] 	ABI class: X.Org Video Driver, version 24.0
[    40.082] (II) LoadModule: "modesetting"
[    40.082] (II) Loading /usr/lib/xorg/modules/drivers/modesetting_drv.so
[    40.086] (II) Module modesetting: vendor="X.Org Foundation"
[    40.086] 	compiled for 1.20.8, module version = 1.20.8
[    40.086] 	Module class: X.Org Video Driver
[    40.086] 	ABI class: X.Org Video Driver, version 24.1
[    40.086] (II) LoadModule: "fbdev"
[    40.086] (II) Loading /usr/lib/xorg/modules/drivers/fbdev_drv.so
[    40.088] (II) Module fbdev: vendor="X.Org Foundation"
[    40.088] 	compiled for 1.20.1, module version = 0.5.0
[    40.088] 	Module class: X.Org Video Driver
[    40.088] 	ABI class: X.Org Video Driver, version 24.0
[    40.088] (II) LoadModule: "vesa"
[    40.088] (II) Loading /usr/lib/xorg/modules/drivers/vesa_drv.so
[    40.090] (II) Module vesa: vendor="X.Org Foundation"
[    40.090] 	compiled for 1.20.1, module version = 2.4.0
[    40.090] 	Module class: X.Org Video Driver
[    40.090] 	ABI class: X.Org Video Driver, version 24.0
[    40.090] (II) vmware: driver for VMware SVGA: vmware0405, vmware0710
[    40.090] (II) modesetting: Driver for Modesetting Kernel Drivers: kms
[    40.090] (II) FBDEV: driver for framebuffer: fbdev
[    40.090] (II) VESA: driver for VESA chipsets: vesa
[    40.090] xf86EnableIOPorts: failed to set IOPL for I/O (Operation not permitted)
[    40.090] (WW) Falling back to old probe method for modesetting
[    40.090] (WW) Falling back to old probe method for fbdev
[    40.090] (II) Loading sub module "fbdevhw"
[    40.090] (II) LoadModule: "fbdevhw"
[    40.090] (II) Loading /usr/lib/xorg/modules/libfbdevhw.so
[    40.092] (II) Module fbdevhw: vendor="X.Org Foundation"
[    40.092] 	compiled for 1.20.8, module version = 0.0.2
[    40.092] 	ABI class: X.Org Video Driver, version 24.1
[    40.092] (EE) open /dev/fb0: Permission denied
[    40.092] (WW) VGA arbiter: cannot open kernel arbiter, no multi-card support
[    40.092] (II) vmware(0): Creating default Display subsection in Screen section
	"Default Screen Section" for depth/fbbpp 24/32
[    40.092] (--) vmware(0): DRM driver version is 2.14.0
[    40.092] (==) vmware(0): Depth 24, (--) framebuffer bpp 32
[    40.092] (==) vmware(0): RGB weight 888
[    40.092] (==) vmware(0): Default visual is TrueColor
[    40.092] (--) vmware(0): Min width 1, Max Width 8192.
[    40.092] (--) vmware(0): Min height 1, Max Height 8192.
[    40.092] (II) vmware(0): Output Virtual1 has no monitor section
[    40.092] (II) vmware(0): Output Virtual2 has no monitor section
[    40.092] (II) vmware(0): Output Virtual3 has no monitor section
[    40.092] (II) vmware(0): Output Virtual4 has no monitor section
[    40.092] (II) vmware(0): Output Virtual5 has no monitor section
[    40.092] (II) vmware(0): Output Virtual6 has no monitor section
[    40.093] (II) vmware(0): Output Virtual7 has no monitor section
[    40.093] (II) vmware(0): Output Virtual8 has no monitor section
[    40.093] (II) vmware(0): Printing probed modes for output Virtual1
[    40.093] (II) vmware(0): Modeline "1920x975"x60.0  139.72  1920 1970 2020 2070  975 1025 1075 1125 -hsync +vsync (67.5 kHz eP)
[    40.093] (II) vmware(0): Modeline "2560x1600"x60.0  348.50  2560 2752 3032 3504  1600 1603 1609 1658 -hsync +vsync (99.5 kHz e)
[    40.093] (II) vmware(0): Modeline "1920x1440"x60.0  234.00  1920 2048 2256 2600  1440 1441 1444 1500 -hsync +vsync (90.0 kHz e)
[    40.093] (II) vmware(0): Modeline "1856x1392"x60.0  218.25  1856 1952 2176 2528  1392 1393 1396 1439 -hsync +vsync (86.3 kHz e)
[    40.093] (II) vmware(0): Modeline "1792x1344"x60.0  204.75  1792 1920 2120 2448  1344 1345 1348 1394 -hsync +vsync (83.6 kHz e)
[    40.093] (II) vmware(0): Modeline "1920x1200"x59.9  193.25  1920 2056 2256 2592  1200 1203 1209 1245 -hsync +vsync (74.6 kHz e)
[    40.093] (II) vmware(0): Modeline "1600x1200"x60.0  162.00  1600 1664 1856 2160  1200 1201 1204 1250 +hsync +vsync (75.0 kHz e)
[    40.093] (II) vmware(0): Modeline "1680x1050"x60.0  146.25  1680 1784 1960 2240  1050 1053 1059 1089 -hsync +vsync (65.3 kHz e)
[    40.093] (II) vmware(0): Modeline "1400x1050"x60.0  121.75  1400 1488 1632 1864  1050 1053 1057 1089 -hsync +vsync (65.3 kHz e)
[    40.093] (II) vmware(0): Modeline "1280x1024"x60.0  108.00  1280 1328 1440 1688  1024 1025 1028 1066 +hsync +vsync (64.0 kHz e)
[    40.093] (II) vmware(0): Modeline "1440x900"x59.9  106.50  1440 1520 1672 1904  900 903 909 934 -hsync +vsync (55.9 kHz e)
[    40.093] (II) vmware(0): Modeline "1280x960"x60.0  108.00  1280 1376 1488 1800  960 961 964 1000 +hsync +vsync (60.0 kHz e)
[    40.093] (II) vmware(0): Modeline "1360x768"x60.0   85.50  1360 1424 1536 1792  768 771 777 795 +hsync +vsync (47.7 kHz e)
[    40.093] (II) vmware(0): Modeline "1280x800"x59.8   83.50  1280 1352 1480 1680  800 803 809 831 +hsync -vsync (49.7 kHz e)
[    40.093] (II) vmware(0): Modeline "1152x864"x75.0  108.00  1152 1216 1344 1600  864 865 868 900 +hsync +vsync (67.5 kHz e)
[    40.093] (II) vmware(0): Modeline "1280x768"x59.9   79.50  1280 1344 1472 1664  768 771 778 798 -hsync +vsync (47.8 kHz e)
[    40.093] (II) vmware(0): Modeline "1024x768"x60.0   65.00  1024 1048 1184 1344  768 771 777 806 -hsync -vsync (48.4 kHz e)
[    40.093] (II) vmware(0): Modeline "800x600"x60.3   40.00  800 840 968 1056  600 601 605 628 +hsync +vsync (37.9 kHz e)
[    40.093] (II) vmware(0): Modeline "640x480"x59.9   25.18  640 656 752 800  480 489 492 525 -hsync -vsync (31.5 kHz e)
[    40.093] (II) vmware(0): EDID for output Virtual2
[    40.093] (II) vmware(0): EDID for output Virtual3
[    40.093] (II) vmware(0): EDID for output Virtual4
[    40.093] (II) vmware(0): EDID for output Virtual5
[    40.093] (II) vmware(0): EDID for output Virtual6
[    40.093] (II) vmware(0): EDID for output Virtual7
[    40.093] (II) vmware(0): EDID for output Virtual8
[    40.093] (II) vmware(0): Output Virtual1 connected
[    40.093] (II) vmware(0): Output Virtual2 disconnected
[    40.093] (II) vmware(0): Output Virtual3 disconnected
[    40.093] (II) vmware(0): Output Virtual4 disconnected
[    40.094] (II) vmware(0): Output Virtual5 disconnected
[    40.094] (II) vmware(0): Output Virtual6 disconnected
[    40.094] (II) vmware(0): Output Virtual7 disconnected
[    40.094] (II) vmware(0): Output Virtual8 disconnected
[    40.094] (II) vmware(0): Using exact sizes for initial modes
[    40.094] (II) vmware(0): Output Virtual1 using initial mode 1920x975 +0+0
[    40.094] (==) vmware(0): DPI set to (96, 96)
[    40.094] (==) vmware(0): Using gamma correction (1.0, 1.0, 1.0)
[    40.094] (II) Loading sub module "fb"
[    40.094] (II) LoadModule: "fb"
[    40.094] (II) Loading /usr/lib/xorg/modules/libfb.so
[    40.097] (II) Module fb: vendor="X.Org Foundation"
[    40.097] 	compiled for 1.20.8, module version = 1.0.0
[    40.097] 	ABI class: X.Org ANSI C Emulation, version 0.4
[    40.097] (II) Loading sub module "dri2"
[    40.097] (II) LoadModule: "dri2"
[    40.097] (II) Module "dri2" already built-in
[    40.097] (II) Loading sub module "dri3"
[    40.097] (II) LoadModule: "dri3"
[    40.097] (II) Module "dri3" already built-in
[    40.097] (II) UnloadModule: "modesetting"
[    40.097] (II) Unloading modesetting
[    40.097] (II) UnloadModule: "fbdev"
[    40.097] (II) Unloading fbdev
[    40.097] (II) UnloadSubModule: "fbdevhw"
[    40.097] (II) Unloading fbdevhw
[    40.097] (II) UnloadModule: "vesa"
[    40.097] (II) Unloading vesa
[    40.102] (II) vmware(0): Initialized VMWARE_CTRL extension version 0.2
[    40.116] (WW) vmware(0): Failed to initialize Gallium3D Xa. No render acceleration available.
[    40.116] (WW) vmware(0): Skipped initialization of direct rendering due to lack of render acceleration.
[    40.116] (--) vmware(0): Render acceleration is disabled.
[    40.116] (==) vmware(0): Rendercheck mode is disabled.
[    40.116] (--) vmware(0): Direct rendering (DRI2 3D) is disabled.
[    40.116] (--) vmware(0): Direct rendering (DRI3 3D) is disabled.
[    40.116] (==) vmware(0): Backing store enabled
[    40.116] (==) vmware(0): Silken mouse enabled
[    40.120] (==) vmware(0): DPMS enabled
[    40.120] (II) vmware(0): No 3D acceleration. Not setting up textured video.
[    40.120] (WW) vmware(0): Disabling Xv because no adaptors could be initialized.
[    40.120] (II) Initializing extension Generic Event Extension
[    40.120] (II) Initializing extension SHAPE
[    40.121] (II) Initializing extension MIT-SHM
[    40.121] (II) Initializing extension XInputExtension
[    40.123] (II) Initializing extension XTEST
[    40.123] (II) Initializing extension BIG-REQUESTS
[    40.124] (II) Initializing extension SYNC
[    40.125] (II) Initializing extension XKEYBOARD
[    40.125] (II) Initializing extension XC-MISC
[    40.126] (II) Initializing extension SECURITY
[    40.126] (II) Initializing extension XFIXES
[    40.127] (II) Initializing extension RENDER
[    40.127] (II) Initializing extension RANDR
[    40.129] (II) Initializing extension COMPOSITE
[    40.129] (II) Initializing extension DAMAGE
[    40.130] (II) Initializing extension MIT-SCREEN-SAVER
[    40.130] (II) Initializing extension DOUBLE-BUFFER
[    40.131] (II) Initializing extension RECORD
[    40.131] (II) Initializing extension DPMS
[    40.131] (II) Initializing extension Present
[    40.132] (II) Initializing extension DRI3
[    40.132] (II) Initializing extension X-Resource
[    40.133] (II) Initializing extension XVideo
[    40.133] (II) Initializing extension XVideo-MotionCompensation
[    40.133] (II) Initializing extension SELinux
[    40.133] (II) SELinux: Disabled on system
[    40.133] (II) Initializing extension GLX
[    40.133] (II) AIGLX: Screen 0 is not DRI2 capable
[    40.240] (II) IGLX: Loaded and initialized swrast
[    40.240] (II) GLX: Initialized DRISWRAST GL provider for screen 0
[    40.240] (II) Initializing extension XFree86-VidModeExtension
[    40.240] (II) Initializing extension XFree86-DGA
[    40.240] (II) Initializing extension XFree86-DRI
[    40.241] (II) Initializing extension DRI2
[    40.252] (II) vmware(0): Setting screen physical size to 508 x 257
[    40.345] (II) config/udev: Adding input device Power Button (/dev/input/event0)
[    40.345] (**) Power Button: Applying InputClass "libinput keyboard catchall"
[    40.345] (II) LoadModule: "libinput"
[    40.345] (II) Loading /usr/lib/xorg/modules/input/libinput_drv.so
[    40.356] (II) Module libinput: vendor="X.Org Foundation"
[    40.356] 	compiled for 1.20.1, module version = 0.28.1
[    40.356] 	Module class: X.Org XInput Driver
[    40.356] 	ABI class: X.Org XInput driver, version 24.1
[    40.356] (II) Using input driver 'libinput' for 'Power Button'
[    40.357] (II) systemd-logind: got fd for /dev/input/event0 13:64 fd 20 paused 0
[    40.357] (**) Power Button: always reports core events
[    40.357] (**) Option "Device" "/dev/input/event0"
[    40.357] (**) Option "_source" "server/udev"
[    40.358] (II) event0  - Power Button: is tagged by udev as: Keyboard
[    40.358] (II) event0  - Power Button: device is a keyboard
[    40.358] (II) event0  - Power Button: device removed
[    40.358] (**) Option "config_info" "udev:/sys/devices/LNXSYSTM:00/LNXPWRBN:00/input/input0/event0"
[    40.358] (II) XINPUT: Adding extended input device "Power Button" (type: KEYBOARD, id 6)
[    40.358] (**) Option "xkb_model" "pc105"
[    40.358] (**) Option "xkb_layout" "us"
[    40.358] (II) event0  - Power Button: is tagged by udev as: Keyboard
[    40.358] (II) event0  - Power Button: device is a keyboard
[    40.359] (II) config/udev: Adding input device Sleep Button (/dev/input/event1)
[    40.359] (**) Sleep Button: Applying InputClass "libinput keyboard catchall"
[    40.359] (II) Using input driver 'libinput' for 'Sleep Button'
[    40.360] (II) systemd-logind: got fd for /dev/input/event1 13:65 fd 23 paused 0
[    40.360] (**) Sleep Button: always reports core events
[    40.360] (**) Option "Device" "/dev/input/event1"
[    40.360] (**) Option "_source" "server/udev"
[    40.361] (II) event1  - Sleep Button: is tagged by udev as: Keyboard
[    40.361] (II) event1  - Sleep Button: device is a keyboard
[    40.361] (II) event1  - Sleep Button: device removed
[    40.361] (**) Option "config_info" "udev:/sys/devices/LNXSYSTM:00/LNXSLPBN:00/input/input1/event1"
[    40.361] (II) XINPUT: Adding extended input device "Sleep Button" (type: KEYBOARD, id 7)
[    40.361] (**) Option "xkb_model" "pc105"
[    40.361] (**) Option "xkb_layout" "us"
[    40.362] (II) event1  - Sleep Button: is tagged by udev as: Keyboard
[    40.362] (II) event1  - Sleep Button: device is a keyboard
[    40.362] (II) config/udev: Adding input device Video Bus (/dev/input/event5)
[    40.362] (**) Video Bus: Applying InputClass "libinput keyboard catchall"
[    40.362] (II) Using input driver 'libinput' for 'Video Bus'
[    40.363] (II) systemd-logind: got fd for /dev/input/event5 13:69 fd 24 paused 0
[    40.363] (**) Video Bus: always reports core events
[    40.363] (**) Option "Device" "/dev/input/event5"
[    40.364] (**) Option "_source" "server/udev"
[    40.364] (II) event5  - Video Bus: is tagged by udev as: Keyboard
[    40.364] (II) event5  - Video Bus: device is a keyboard
[    40.364] (II) event5  - Video Bus: device removed
[    40.364] (**) Option "config_info" "udev:/sys/devices/LNXSYSTM:00/LNXSYBUS:00/PNP0A03:00/LNXVIDEO:00/input/input6/event5"
[    40.364] (II) XINPUT: Adding extended input device "Video Bus" (type: KEYBOARD, id 8)
[    40.364] (**) Option "xkb_model" "pc105"
[    40.364] (**) Option "xkb_layout" "us"
[    40.365] (II) event5  - Video Bus: is tagged by udev as: Keyboard
[    40.365] (II) event5  - Video Bus: device is a keyboard
[    40.366] (II) config/udev: Adding input device VirtualBox mouse integration (/dev/input/event6)
[    40.366] (**) VirtualBox mouse integration: Applying InputClass "libinput pointer catchall"
[    40.366] (II) Using input driver 'libinput' for 'VirtualBox mouse integration'
[    40.367] (II) systemd-logind: got fd for /dev/input/event6 13:70 fd 25 paused 0
[    40.367] (**) VirtualBox mouse integration: always reports core events
[    40.367] (**) Option "Device" "/dev/input/event6"
[    40.367] (**) Option "_source" "server/udev"
[    40.368] (II) event6  - VirtualBox mouse integration: is tagged by udev as: Mouse
[    40.368] (II) event6  - VirtualBox mouse integration: device is a pointer
[    40.368] (II) event6  - VirtualBox mouse integration: device removed
[    40.368] (**) Option "config_info" "udev:/sys/devices/pci0000:00/0000:00:04.0/input/input7/event6"
[    40.368] (II) XINPUT: Adding extended input device "VirtualBox mouse integration" (type: MOUSE, id 9)
[    40.368] (**) Option "AccelerationScheme" "none"
[    40.368] (**) VirtualBox mouse integration: (accel) selected scheme none/0
[    40.368] (**) VirtualBox mouse integration: (accel) acceleration factor: 2.000
[    40.368] (**) VirtualBox mouse integration: (accel) acceleration threshold: 4
[    40.369] (II) event6  - VirtualBox mouse integration: is tagged by udev as: Mouse
[    40.369] (II) event6  - VirtualBox mouse integration: device is a pointer
[    40.369] (II) config/udev: Adding input device VirtualBox mouse integration (/dev/input/js1)
[    40.369] (II) No input driver specified, ignoring this device.
[    40.369] (II) This device may have been added with another device file.
[    40.370] (II) config/udev: Adding input device VirtualBox USB Tablet (/dev/input/event4)
[    40.370] (**) VirtualBox USB Tablet: Applying InputClass "libinput pointer catchall"
[    40.370] (II) Using input driver 'libinput' for 'VirtualBox USB Tablet'
[    40.428] (II) systemd-logind: got fd for /dev/input/event4 13:68 fd 26 paused 0
[    40.428] (**) VirtualBox USB Tablet: always reports core events
[    40.428] (**) Option "Device" "/dev/input/event4"
[    40.428] (**) Option "_source" "server/udev"
[    40.429] (II) event4  - VirtualBox USB Tablet: is tagged by udev as: Mouse
[    40.429] (II) event4  - VirtualBox USB Tablet: device is a pointer
[    40.429] (II) event4  - VirtualBox USB Tablet: device removed
[    40.429] (**) Option "config_info" "udev:/sys/devices/pci0000:00/0000:00:06.0/usb1/1-1/1-1:1.0/0003:80EE:0021.0001/input/input5/event4"
[    40.429] (II) XINPUT: Adding extended input device "VirtualBox USB Tablet" (type: MOUSE, id 10)
[    40.429] (**) Option "AccelerationScheme" "none"
[    40.429] (**) VirtualBox USB Tablet: (accel) selected scheme none/0
[    40.429] (**) VirtualBox USB Tablet: (accel) acceleration factor: 2.000
[    40.429] (**) VirtualBox USB Tablet: (accel) acceleration threshold: 4
[    40.430] (II) event4  - VirtualBox USB Tablet: is tagged by udev as: Mouse
[    40.430] (II) event4  - VirtualBox USB Tablet: device is a pointer
[    40.431] (II) config/udev: Adding input device VirtualBox USB Tablet (/dev/input/js0)
[    40.431] (II) No input driver specified, ignoring this device.
[    40.431] (II) This device may have been added with another device file.
[    40.431] (II) config/udev: Adding input device VirtualBox USB Tablet (/dev/input/mouse1)
[    40.431] (II) No input driver specified, ignoring this device.
[    40.431] (II) This device may have been added with another device file.
[    40.432] (II) config/udev: Adding input device AT Translated Set 2 keyboard (/dev/input/event2)
[    40.432] (**) AT Translated Set 2 keyboard: Applying InputClass "libinput keyboard catchall"
[    40.432] (II) Using input driver 'libinput' for 'AT Translated Set 2 keyboard'
[    40.433] (II) systemd-logind: got fd for /dev/input/event2 13:66 fd 27 paused 0
[    40.433] (**) AT Translated Set 2 keyboard: always reports core events
[    40.433] (**) Option "Device" "/dev/input/event2"
[    40.433] (**) Option "_source" "server/udev"
[    40.434] (II) event2  - AT Translated Set 2 keyboard: is tagged by udev as: Keyboard
[    40.434] (II) event2  - AT Translated Set 2 keyboard: device is a keyboard
[    40.434] (II) event2  - AT Translated Set 2 keyboard: device removed
[    40.434] (**) Option "config_info" "udev:/sys/devices/platform/i8042/serio0/input/input2/event2"
[    40.434] (II) XINPUT: Adding extended input device "AT Translated Set 2 keyboard" (type: KEYBOARD, id 11)
[    40.434] (**) Option "xkb_model" "pc105"
[    40.434] (**) Option "xkb_layout" "us"
[    40.434] (II) event2  - AT Translated Set 2 keyboard: is tagged by udev as: Keyboard
[    40.434] (II) event2  - AT Translated Set 2 keyboard: device is a keyboard
[    40.435] (II) config/udev: Adding input device ImExPS/2 Generic Explorer Mouse (/dev/input/event3)
[    40.435] (**) ImExPS/2 Generic Explorer Mouse: Applying InputClass "libinput pointer catchall"
[    40.435] (II) Using input driver 'libinput' for 'ImExPS/2 Generic Explorer Mouse'
[    40.436] (II) systemd-logind: got fd for /dev/input/event3 13:67 fd 28 paused 0
[    40.436] (**) ImExPS/2 Generic Explorer Mouse: always reports core events
[    40.436] (**) Option "Device" "/dev/input/event3"
[    40.436] (**) Option "_source" "server/udev"
[    40.436] (II) event3  - ImExPS/2 Generic Explorer Mouse: is tagged by udev as: Mouse
[    40.436] (II) event3  - ImExPS/2 Generic Explorer Mouse: device is a pointer
[    40.436] (II) event3  - ImExPS/2 Generic Explorer Mouse: device removed
[    40.436] (**) Option "config_info" "udev:/sys/devices/platform/i8042/serio1/input/input4/event3"
[    40.436] (II) XINPUT: Adding extended input device "ImExPS/2 Generic Explorer Mouse" (type: MOUSE, id 12)
[    40.437] (**) Option "AccelerationScheme" "none"
[    40.437] (**) ImExPS/2 Generic Explorer Mouse: (accel) selected scheme none/0
[    40.437] (**) ImExPS/2 Generic Explorer Mouse: (accel) acceleration factor: 2.000
[    40.437] (**) ImExPS/2 Generic Explorer Mouse: (accel) acceleration threshold: 4
[    40.437] (II) event3  - ImExPS/2 Generic Explorer Mouse: is tagged by udev as: Mouse
[    40.437] (II) event3  - ImExPS/2 Generic Explorer Mouse: device is a pointer
[    40.437] (II) config/udev: Adding input device ImExPS/2 Generic Explorer Mouse (/dev/input/mouse0)
[    40.437] (II) No input driver specified, ignoring this device.
[    40.437] (II) This device may have been added with another device file.
